# JRE version: Java(TM) SE Runtime Environment (8.0_102-b14) (build 1.8.0_102-b14)
# Java VM: Java HotSpot(TM) 64-Bit Server VM (25.102-b14 mixed mode windows-amd64 compressed oops)
Heap:
 PSYoungGen      total 268800K, used 153273K [0x00000000d6780000, 0x00000000ef080000, 0x0000000100000000)
  eden space 255488K, 54% used [0x00000000d6780000,0x00000000df035458,0x00000000e6100000)
  from space 13312K, 99% used [0x00000000e6100000,0x00000000e6df9148,0x00000000e6e00000)
  to   space 17920K, 0% used [0x00000000edf00000,0x00000000edf00000,0x00000000ef080000)
 ParOldGen       total 71168K, used 23381K [0x0000000083600000, 0x0000000087b80000, 0x00000000d6780000)
  object space 71168K, 32% used [0x0000000083600000,0x0000000084cd55a8,0x0000000087b80000)
 Metaspace       used 52822K, capacity 53602K, committed 54064K, reserved 1097728K
  class space    used 6173K, capacity 6327K, committed 6448K, reserved 1048576K
GC Heap History (10 events):
Event: 9.076 GC heap before
{Heap before GC invocations=9 (full 1):
 PSYoungGen      total 117760K, used 115213K [0x00000000d6780000, 0x00000000e2280000, 0x0000000100000000)
  eden space 106496K, 100% used [0x00000000d6780000,0x00000000dcf80000,0x00000000dcf80000)
  from space 11264K, 77% used [0x00000000dcf80000,0x00000000dd803548,0x00000000dda80000)
  to   space 11264K, 0% used [0x00000000e1780000,0x00000000e1780000,0x00000000e2280000)
 ParOldGen       total 58880K, used 9735K [0x0000000083600000, 0x0000000086f80000, 0x00000000d6780000)
  object space 58880K, 16% used [0x0000000083600000,0x0000000083f81d90,0x0000000086f80000)
 Metaspace       used 34605K, capacity 35016K, committed 35376K, reserved 1081344K
  class space    used 4183K, capacity 4277K, committed 4400K, reserved 1048576K
Event: 9.111 GC heap after
Heap after GC invocations=9 (full 1):
 PSYoungGen      total 178688K, used 11250K [0x00000000d6780000, 0x00000000e2500000, 0x0000000100000000)
  eden space 167424K, 0% used [0x00000000d6780000,0x00000000d6780000,0x00000000e0b00000)
  from space 11264K, 99% used [0x00000000e1780000,0x00000000e227c980,0x00000000e2280000)
  to   space 12800K, 0% used [0x00000000e0b00000,0x00000000e0b00000,0x00000000e1780000)
 ParOldGen       total 58880K, used 9781K [0x0000000083600000, 0x0000000086f80000, 0x00000000d6780000)
  object space 58880K, 16% used [0x0000000083600000,0x0000000083f8d688,0x0000000086f80000)
 Metaspace       used 34605K, capacity 35016K, committed 35376K, reserved 1081344K
  class space    used 4183K, capacity 4277K, committed 4400K, reserved 1048576K
}
Event: 9.158 GC heap before
{Heap before GC invocations=10 (full 1):
 PSYoungGen      total 178688K, used 14322K [0x00000000d6780000, 0x00000000e2500000, 0x0000000100000000)
  eden space 167424K, 1% used [0x00000000d6780000,0x00000000d6a80090,0x00000000e0b00000)
  from space 11264K, 99% used [0x00000000e1780000,0x00000000e227c980,0x00000000e2280000)
  to   space 12800K, 0% used [0x00000000e0b00000,0x00000000e0b00000,0x00000000e1780000)
 ParOldGen       total 58880K, used 9781K [0x0000000083600000, 0x0000000086f80000, 0x00000000d6780000)
  object space 58880K, 16% used [0x0000000083600000,0x0000000083f8d688,0x0000000086f80000)
 Metaspace       used 34747K, capacity 35144K, committed 35496K, reserved 1081344K
  class space    used 4195K, capacity 4277K, committed 4400K, reserved 1048576K
Event: 9.197 GC heap after
Heap after GC invocations=10 (full 1):
 PSYoungGen      total 180224K, used 5415K [0x00000000d6780000, 0x00000000e7c80000, 0x0000000100000000)
  eden space 167424K, 0% used [0x00000000d6780000,0x00000000d6780000,0x00000000e0b00000)
  from space 12800K, 42% used [0x00000000e0b00000,0x00000000e1049fa0,0x00000000e1780000)
  to   space 12800K, 0% used [0x00000000e7000000,0x00000000e7000000,0x00000000e7c80000)
 ParOldGen       total 58880K, used 11773K [0x0000000083600000, 0x0000000086f80000, 0x00000000d6780000)
  object space 58880K, 19% used [0x0000000083600000,0x000000008417f688,0x0000000086f80000)
 Metaspace       used 34747K, capacity 35144K, committed 35496K, reserved 1081344K
  class space    used 4195K, capacity 4277K, committed 4400K, reserved 1048576K
}
Event: 9.197 GC heap before
{Heap before GC invocations=11 (full 2):
 PSYoungGen      total 180224K, used 5415K [0x00000000d6780000, 0x00000000e7c80000, 0x0000000100000000)
  eden space 167424K, 0% used [0x00000000d6780000,0x00000000d6780000,0x00000000e0b00000)
  from space 12800K, 42% used [0x00000000e0b00000,0x00000000e1049fa0,0x00000000e1780000)
  to   space 12800K, 0% used [0x00000000e7000000,0x00000000e7000000,0x00000000e7c80000)
 ParOldGen       total 58880K, used 11773K [0x0000000083600000, 0x0000000086f80000, 0x00000000d6780000)
  object space 58880K, 19% used [0x0000000083600000,0x000000008417f688,0x0000000086f80000)
 Metaspace       used 34747K, capacity 35144K, committed 35496K, reserved 1081344K
  class space    used 4195K, capacity 4277K, committed 4400K, reserved 1048576K
Event: 9.368 GC heap after
Heap after GC invocations=11 (full 2):
 PSYoungGen      total 180224K, used 0K [0x00000000d6780000, 0x00000000e7c80000, 0x0000000100000000)
  eden space 167424K, 0% used [0x00000000d6780000,0x00000000d6780000,0x00000000e0b00000)
  from space 12800K, 0% used [0x00000000e0b00000,0x00000000e0b00000,0x00000000e1780000)
  to   space 12800K, 0% used [0x00000000e7000000,0x00000000e7000000,0x00000000e7c80000)
 ParOldGen       total 71168K, used 16065K [0x0000000083600000, 0x0000000087b80000, 0x00000000d6780000)
  object space 71168K, 22% used [0x0000000083600000,0x00000000845b0778,0x0000000087b80000)
 Metaspace       used 34747K, capacity 35144K, committed 35496K, reserved 1081344K
  class space    used 4195K, capacity 4277K, committed 4400K, reserved 1048576K
}
Event: 12.449 GC heap before
{Heap before GC invocations=12 (full 2):
 PSYoungGen      total 180224K, used 167424K [0x00000000d6780000, 0x00000000e7c80000, 0x0000000100000000)
  eden space 167424K, 100% used [0x00000000d6780000,0x00000000e0b00000,0x00000000e0b00000)
  from space 12800K, 0% used [0x00000000e0b00000,0x00000000e0b00000,0x00000000e1780000)
  to   space 12800K, 0% used [0x00000000e7000000,0x00000000e7000000,0x00000000e7c80000)
 ParOldGen       total 71168K, used 16065K [0x0000000083600000, 0x0000000087b80000, 0x00000000d6780000)
  object space 71168K, 22% used [0x0000000083600000,0x00000000845b0778,0x0000000087b80000)
 Metaspace       used 40114K, capacity 40596K, committed 40880K, reserved 1085440K
  class space    used 4831K, capacity 4947K, committed 5040K, reserved 1048576K
Event: 12.489 GC heap after
Heap after GC invocations=12 (full 2):
 PSYoungGen      total 261632K, used 11202K [0x00000000d6780000, 0x00000000e7b00000, 0x0000000100000000)
  eden space 250368K, 0% used [0x00000000d6780000,0x00000000d6780000,0x00000000e5c00000)
  from space 11264K, 99% used [0x00000000e7000000,0x00000000e7af0ba8,0x00000000e7b00000)
  to   space 13312K, 0% used [0x00000000e6100000,0x00000000e6100000,0x00000000e6e00000)
 ParOldGen       total 71168K, used 16073K [0x0000000083600000, 0x0000000087b80000, 0x00000000d6780000)
  object space 71168K, 22% used [0x0000000083600000,0x00000000845b2778,0x0000000087b80000)
 Metaspace       used 40114K, capacity 40596K, committed 40880K, reserved 1085440K
  class space    used 4831K, capacity 4947K, committed 5040K, reserved 1048576K
}
Event: 49.057 GC heap before
{Heap before GC invocations=13 (full 2):
 PSYoungGen      total 261632K, used 261570K [0x00000000d6780000, 0x00000000e7b00000, 0x0000000100000000)
  eden space 250368K, 100% used [0x00000000d6780000,0x00000000e5c00000,0x00000000e5c00000)
  from space 11264K, 99% used [0x00000000e7000000,0x00000000e7af0ba8,0x00000000e7b00000)
  to   space 13312K, 0% used [0x00000000e6100000,0x00000000e6100000,0x00000000e6e00000)
 ParOldGen       total 71168K, used 16073K [0x0000000083600000, 0x0000000087b80000, 0x00000000d6780000)
  object space 71168K, 22% used [0x0000000083600000,0x00000000845b2778,0x0000000087b80000)
 Metaspace       used 49065K, capacity 49706K, committed 50224K, reserved 1093632K
  class space    used 5913K, capacity 6067K, committed 6192K, reserved 1048576K
Event: 49.098 GC heap after
Heap after GC invocations=13 (full 2):
 PSYoungGen      total 268800K, used 13284K [0x00000000d6780000, 0x00000000ef080000, 0x0000000100000000)
  eden space 255488K, 0% used [0x00000000d6780000,0x00000000d6780000,0x00000000e6100000)
  from space 13312K, 99% used [0x00000000e6100000,0x00000000e6df9148,0x00000000e6e00000)
  to   space 17920K, 0% used [0x00000000edf00000,0x00000000edf00000,0x00000000ef080000)
 ParOldGen       total 71168K, used 23381K [0x0000000083600000, 0x0000000087b80000, 0x00000000d6780000)
  object space 71168K, 32% used [0x0000000083600000,0x0000000084cd55a8,0x0000000087b80000)
 Metaspace       used 49065K, capacity 49706K, committed 50224K, reserved 1093632K
  class space    used 5913K, capacity 6067K, committed 6192K, reserved 1048576K
}

